<?xml version="1.0" encoding="UTF-8"?>
<!-- Generated by org.testng.reporters.JUnitReportReporter -->
<testsuite hostname="DESKTOP-C2K52Q5" failures="0" tests="1" name="day3.CookiesDemo" time="5.095" errors="0" timestamp="2023-02-21T20:12:58 IST" skipped="0">
  <testcase classname="day3.CookiesDemo" name="getAllCookiesInfo" time="5.095"/>
  <system-out/>
</testsuite> <!-- day3.CookiesDemo -->
