<?xml version="1.0" encoding="UTF-8"?>
<!-- Generated by org.testng.reporters.JUnitReportReporter -->
<testsuite hostname="DESKTOP-C2K52Q5" failures="0" tests="1" name="day6.JSONSchemaValidation" time="6.484" errors="0" timestamp="2023-03-04T20:36:18 IST" skipped="0">
  <testcase classname="day6.JSONSchemaValidation" name="jsonSchemaValidation" time="6.484"/>
  <system-out/>
</testsuite> <!-- day6.JSONSchemaValidation -->
