<?xml version="1.0" encoding="UTF-8"?>
<!-- Generated by org.testng.reporters.JUnitReportReporter -->
<testsuite hostname="DESKTOP-C2K52Q5" failures="0" tests="1" name="day7.FakerDataGenrator" time="0.740" errors="0" timestamp="2023-03-09T02:08:19 IST" skipped="0">
  <testcase classname="day7.FakerDataGenrator" name="testGenrateData" time="0.740"/>
  <system-out/>
</testsuite> <!-- day7.FakerDataGenrator -->
