<?xml version="1.0" encoding="UTF-8"?>
<!-- Generated by org.testng.reporters.JUnitReportReporter -->
<testsuite hostname="DESKTOP-C2K52Q5" failures="0" tests="1" name="day7.Authorization" time="5.598" errors="0" timestamp="2023-03-09T23:40:17 IST" skipped="0">
  <testcase classname="day7.Authorization" name="testOAuth2" time="5.598"/>
  <system-out/>
</testsuite> <!-- day7.Authorization -->
