<?xml version="1.0" encoding="UTF-8"?>
<!-- Generated by org.testng.reporters.JUnitReportReporter -->
<testsuite hostname="DESKTOP-C2K52Q5" failures="0" tests="1" name="day3.HeadersDemo" time="5.333" errors="0" timestamp="2023-02-21T20:42:24 IST" skipped="0">
  <testcase classname="day3.HeadersDemo" name="getSingleUserHeaders" time="5.333"/>
  <system-out/>
</testsuite> <!-- day3.HeadersDemo -->
