<?xml version="1.0" encoding="UTF-8"?>
<!-- Generated by org.testng.reporters.JUnitReportReporter -->
<testsuite hostname="DESKTOP-C2K52Q5" failures="0" tests="1" name="day5.ParsingXMLResponse" time="5.557" errors="0" timestamp="2023-02-26T09:54:29 IST" skipped="0">
  <testcase classname="day5.ParsingXMLResponse" name="testXMLResponseBody" time="5.557"/>
  <system-out/>
</testsuite> <!-- day5.ParsingXMLResponse -->
