<?xml version="1.0" encoding="UTF-8"?>
<!-- Generated by org.testng.reporters.JUnitReportReporter -->
<testsuite hostname="DESKTOP-C2K52Q5" failures="0" tests="1" name="day3.PathAndQueryParameters" time="5.239" errors="0" timestamp="2023-02-21T19:40:45 IST" skipped="0">
  <testcase classname="day3.PathAndQueryParameters" name="testQueryAndPathParameters" time="5.239"/>
  <system-out/>
</testsuite> <!-- day3.PathAndQueryParameters -->
