<?xml version="1.0" encoding="UTF-8"?>
<!-- Generated by org.testng.reporters.JUnitReportReporter -->
<testsuite hostname="DESKTOP-C2K52Q5" failures="0" tests="1" name="day6.SerializaztionAndDeserialization" time="0.926" errors="0" timestamp="2023-03-07T02:20:22 IST" skipped="0">
  <testcase classname="day6.SerializaztionAndDeserialization" name="convertJSON2POJO" time="0.926"/>
  <system-out/>
</testsuite> <!-- day6.SerializaztionAndDeserialization -->
